<?xml version="1.0" encoding="UTF-8"?>
<testsuite name="JUnit.ApmAggregatorTest" tests="1" skipped="0" failures="0" errors="0" timestamp="2025-05-04T23:45:46.054Z" hostname="DESKTOP-MDENHQD" time="0.027">
  <properties/>
  <testcase name="testAddAndAggregate()" classname="JUnit.ApmAggregatorTest" time="0.027"/>
  <system-out><![CDATA[]]></system-out>
  <system-err><![CDATA[]]></system-err>
</testsuite>
