<?xml version="1.0" encoding="UTF-8"?>
<testsuite name="JUnit.LogParserTest" tests="2" skipped="0" failures="0" errors="0" timestamp="2025-05-04T23:45:46.097Z" hostname="DESKTOP-MDENHQD" time="0.004">
  <properties/>
  <testcase name="testParseValidLogLine()" classname="JUnit.LogParserTest" time="0.003"/>
  <testcase name="testParseInvalidLogLineReturnsNull()" classname="JUnit.LogParserTest" time="0.001"/>
  <system-out><![CDATA[]]></system-out>
  <system-err><![CDATA[]]></system-err>
</testsuite>
