<?xml version="1.0" encoding="UTF-8"?>
<testsuite name="JUnit.RequestAggregatorTest" tests="1" skipped="0" failures="0" errors="0" timestamp="2025-05-04T23:45:46.153Z" hostname="DESKTOP-MDENHQD" time="0.002">
  <properties/>
  <testcase name="testAddAndGetResults()" classname="JUnit.RequestAggregatorTest" time="0.002"/>
  <system-out><![CDATA[]]></system-out>
  <system-err><![CDATA[]]></system-err>
</testsuite>
