<?xml version="1.0" encoding="UTF-8"?>
<testsuite name="JUnit.ApplicationAggregatorTest" tests="1" skipped="0" failures="0" errors="0" timestamp="2025-05-04T23:45:46.085Z" hostname="DESKTOP-MDENHQD" time="0.003">
  <properties/>
  <testcase name="testAddAndGetResults()" classname="JUnit.ApplicationAggregatorTest" time="0.003"/>
  <system-out><![CDATA[]]></system-out>
  <system-err><![CDATA[]]></system-err>
</testsuite>
